<?xml version="1.0" encoding="UTF-8"?>
<!-- Generated by org.testng.reporters.JUnitReportReporter -->
<testsuite hostname="Mehrajs-MBP" failures="0" tests="1" name="Shuffle" time="3.778" errors="0" timestamp="2019-12-18T19:40:48 EST" skipped="0">
  <testcase classname="Shuffle" name="Draw_a_Cards" time="3.778"/>
</testsuite> <!-- Shuffle -->
